<?xml version="1.0" encoding="UTF-8"?>
<!-- Generated by org.testng.reporters.JUnitReportReporter -->
<testsuite hostname="DESKTOP-QVM6J4J" failures="0" tests="1" name="com.Test.Verify_Login" time="9.022" errors="0" timestamp="2021-12-23T21:11:14 IST" skipped="0">
  <testcase classname="com.Test.Verify_Login" name="Verify_tc_001" time="9.022"/>
  <system-out/>
</testsuite> <!-- com.Test.Verify_Login -->
